#
# There is insufficient memory for the Java Runtime Environment to continue.
# Native memory allocation (mmap) failed to map 67108864 bytes for Failed to commit area from 0x00000000c1600000 to 0x00000000c5600000 of length 67108864.
# Possible reasons:
#   The system is out of physical RAM or swap space
#   The process is running with CompressedOops enabled, and the Java Heap may be blocking the growth of the native heap
# Possible solutions:
#   Reduce memory load on the system
#   Increase physical memory or swap space
#   Check if swap backing store is full
#   Decrease Java heap size (-Xmx/-Xms)
#   Decrease number of Java threads
#   Decrease Java thread stack sizes (-Xss)
#   Set larger code cache with -XX:ReservedCodeCacheSize=
# This output file may be truncated or incomplete.
#
#  Out of Memory Error (c:/workspace/9-2-build-windows-amd64-cygwin-phase2/jdk9/6725/hotspot/src/os/windows/vm/os_windows.cpp:3357), pid=17096, tid=10204
#
# JRE version:  (9.0+181) (build )
# Java VM: Java HotSpot(TM) 64-Bit Server VM (9+181, mixed mode, tiered, compressed oops, g1 gc, windows-amd64)
# No core dump will be written. Minidumps are not enabled by default on client versions of Windows
#

---------------  S U M M A R Y ------------

Command Line: -Dfile.encoding=Cp1252 com.pointwest.java.main.Main

Host: Intel(R) Core(TM) i5-4590 CPU @ 3.30GHz, 4 cores, 3G,  Windows 8.1 , 64 bit Build 9600 (6.3.9600.17415)
Time: Tue Feb 06 09:13:52 2018 Malay Peninsula Standard Time elapsed time: 0 seconds (0d 0h 0m 0s)

---------------  T H R E A D  ---------------

Current thread (0x0000004fdd300800):  JavaThread "Unknown thread" [_thread_in_vm, id=10204, stack(0x0000004fdd3d0000,0x0000004fdd4d0000)]

Stack: [0x0000004fdd3d0000,0x0000004fdd4d0000]
Native frames: (J=compiled Java code, j=interpreted, Vv=VM code, C=native code)
V  [jvm.dll+0x587108]
V  [jvm.dll+0x69c14e]
V  [jvm.dll+0x69d06a]
V  [jvm.dll+0x69d6a3]
V  [jvm.dll+0x21d3f8]
V  [jvm.dll+0x584c34]
V  [jvm.dll+0x57a075]
V  [jvm.dll+0x2cd7eb]
V  [jvm.dll+0x2cd753]
V  [jvm.dll+0x2cd622]
V  [jvm.dll+0x2cf613]
V  [jvm.dll+0x319613]
V  [jvm.dll+0x319d26]
V  [jvm.dll+0x319713]
V  [jvm.dll+0x2ae028]
V  [jvm.dll+0x2af257]
V  [jvm.dll+0x67b29d]
V  [jvm.dll+0x67c66c]
V  [jvm.dll+0x326dc9]
V  [jvm.dll+0x6652be]
V  [jvm.dll+0x391b91]
V  [jvm.dll+0x393b41]
C  [javaw.exe+0x3501]
C  [javaw.exe+0xe25f]
C  [javaw.exe+0xe406]
C  [KERNEL32.DLL+0x13d2]
C  [ntdll.dll+0x154f4]


---------------  P R O C E S S  ---------------

Java Threads: ( => current thread )

Other Threads:
  0x0000004fdd319000 GCTaskThread "GC Thread#0" [stack: 0x0000004ff49a0000,0x0000004ff4aa0000] [id=5344]
  0x0000004fdd31a800 GCTaskThread "GC Thread#1" [stack: 0x0000004ff4aa0000,0x0000004ff4ba0000] [id=18212]
  0x0000004fdd31d800 GCTaskThread "GC Thread#2" [stack: 0x0000004ff4ba0000,0x0000004ff4ca0000] [id=12396]
  0x0000004fdd329800 GCTaskThread "GC Thread#3" [stack: 0x0000004ff4ca0000,0x0000004ff4da0000] [id=18268]
  0x0000004fdd368000 ConcurrentGCThread "G1 Main Marker" [stack: 0x0000004ff7e40000,0x0000004ff7f40000] [id=17868]
  0x0000004fdd371000 ConcurrentGCThread "G1 Marker#0" [stack: 0x0000004ff7f40000,0x0000004ff8040000] [id=8588]
  0x0000004fdd331800 ConcurrentGCThread "G1 Refine#0" [stack: 0x0000004ff54e0000,0x0000004ff55e0000] [id=15228]
  0x0000004fdd32e800 ConcurrentGCThread "G1 Refine#1" [stack: 0x0000004ff53e0000,0x0000004ff54e0000] [id=17580]
  0x0000004fdd32b800 ConcurrentGCThread "G1 Refine#2" [stack: 0x0000004ff52e0000,0x0000004ff53e0000] [id=6400]
  0x0000004fdd32a800 ConcurrentGCThread "G1 Refine#3" [stack: 0x0000004ff51e0000,0x0000004ff52e0000] [id=18368]
  0x0000004fdd332800 ConcurrentGCThread "G1 Young RemSet Sampling" [stack: 0x0000004ff55e0000,0x0000004ff56e0000] [id=7268]

=>0x0000004fdd300800 (exited) JavaThread "Unknown thread" [_thread_in_vm, id=10204, stack(0x0000004fdd3d0000,0x0000004fdd4d0000)]

Threads with active compile tasks:

VM state:not at safepoint (not fully initialized)

VM Mutex/Monitor currently owned by a thread:  ([mutex/lock_event])
[0x0000004fdd2ffd20] Heap_lock - owner thread: 0x0000004fdd300800

Heap address: 0x00000000c1600000, size: 1002 MB, Compressed Oops mode: Non-zero based: 0x00000000c1600000
Narrow klass base: 0x0000000000000000, Narrow klass shift: 0

GC Heap History (0 events):
No events

Deoptimization events (0 events):
No events

Classes redefined (0 events):
No events

Internal exceptions (0 events):
No events

Events (0 events):
No events


Dynamic libraries:
0x00007ff693fb0000 - 0x00007ff693fee000 	C:\Program Files\Java\jre-9\bin\javaw.exe
0x00007ffd89a90000 - 0x00007ffd89c3d000 	C:\Windows\SYSTEM32\ntdll.dll
0x00007ffd89950000 - 0x00007ffd89a8e000 	C:\Windows\system32\KERNEL32.DLL
0x00007ffd86d70000 - 0x00007ffd86e85000 	C:\Windows\system32\KERNELBASE.dll
0x00007ffd87970000 - 0x00007ffd87a1a000 	C:\Windows\system32\ADVAPI32.dll
0x00007ffd87eb0000 - 0x00007ffd88027000 	C:\Windows\system32\USER32.dll
0x00007ffd831f0000 - 0x00007ffd8346b000 	C:\Windows\WinSxS\amd64_microsoft.windows.common-controls_6595b64144ccf1df_6.0.9600.18006_none_623f33d3ecbe86e8\COMCTL32.dll
0x00007ffd809e0000 - 0x00007ffd809ea000 	C:\Windows\SYSTEM32\VERSION.dll
0x00007ffd878c0000 - 0x00007ffd8796a000 	C:\Windows\system32\msvcrt.dll
0x00007ffd87300000 - 0x00007ffd87359000 	C:\Windows\SYSTEM32\sechost.dll
0x00007ffd87770000 - 0x00007ffd878b0000 	C:\Windows\system32\RPCRT4.dll
0x00007ffd874d0000 - 0x00007ffd8761b000 	C:\Windows\system32\GDI32.dll
0x00007ffd86c90000 - 0x00007ffd86cbe000 	C:\Windows\system32\SspiCli.dll
0x00007ffd88040000 - 0x00007ffd88076000 	C:\Windows\system32\IMM32.DLL
0x00007ffd87370000 - 0x00007ffd874c1000 	C:\Windows\system32\MSCTF.dll
0x00007ffd72200000 - 0x00007ffd722ef000 	C:\Program Files\Java\jre-9\bin\msvcr120.dll
0x00007ffd71420000 - 0x00007ffd714c6000 	C:\Program Files\Java\jre-9\bin\msvcp120.dll
0x0000000065500000 - 0x0000000065f2a000 	C:\Program Files\Java\jre-9\bin\server\jvm.dll
0x00007ffd80f00000 - 0x00007ffd80f09000 	C:\Windows\SYSTEM32\WSOCK32.dll
0x00007ffd7d070000 - 0x00007ffd7d092000 	C:\Windows\SYSTEM32\WINMM.dll
0x00007ffd87360000 - 0x00007ffd87367000 	C:\Windows\system32\PSAPI.DLL
0x00007ffd87710000 - 0x00007ffd8776a000 	C:\Windows\system32\WS2_32.dll
0x00007ffd7d010000 - 0x00007ffd7d03a000 	C:\Windows\SYSTEM32\WINMMBASE.dll
0x00007ffd87ea0000 - 0x00007ffd87ea9000 	C:\Windows\system32\NSI.dll
0x00007ffd86e90000 - 0x00007ffd86edf000 	C:\Windows\SYSTEM32\cfgmgr32.dll
0x00007ffd859c0000 - 0x00007ffd859e8000 	C:\Windows\SYSTEM32\DEVOBJ.dll
0x00007ffd85240000 - 0x00007ffd8524f000 	C:\Program Files\Java\jre-9\bin\verify.dll
0x00007ffd83ed0000 - 0x00007ffd83ef7000 	C:\Program Files\Java\jre-9\bin\java.dll
0x00007ffd83e90000 - 0x00007ffd83ea6000 	C:\Program Files\Java\jre-9\bin\zip.dll
0x00007ffd85230000 - 0x00007ffd8523a000 	C:\Program Files\Java\jre-9\bin\jimage.dll
0x00007ffd80a30000 - 0x00007ffd80bb9000 	C:\Windows\SYSTEM32\dbghelp.dll

VM Arguments:
jvm_args: -Dfile.encoding=Cp1252 
java_command: com.pointwest.java.main.Main
java_class_path (initial): C:\Users\carl.panotes\eclipse-workspace\PeopleLocatorSystem\bin;C:\Users\carl.panotes\eclipse-workspace\PeopleLocatorSystem\src\jar\log4j-1.2.14.jar;C:\Users\carl.panotes\eclipse-workspace\PeopleLocatorSystem\src\jar\mysql-connector-java-5.1.37-bin.jar
Launcher Type: SUN_STANDARD

Logging:
Log output configuration:
#0: stdout all=warning uptime,level,tags
#1: stderr all=off uptime,level,tags

Environment Variables:
PATH=C:/Program Files/Java/jre1.8.0_152/bin/server;C:/Program Files/Java/jre1.8.0_152/bin;C:/Program Files/Java/jre1.8.0_152/lib/amd64;C:\ProgramData\Oracle\Java\javapath;C:\Program Files (x86)\Intel\iCLS Client\;C:\Program Files\Intel\iCLS Client\;C:\Windows\system32;C:\Windows;C:\Windows\System32\Wbem;C:\Windows\System32\WindowsPowerShell\v1.0\;C:\Program Files\Intel\Intel(R) Management Engine Components\DAL;C:\Program Files (x86)\Intel\Intel(R) Management Engine Components\DAL;C:\Program Files\Intel\Intel(R) Management Engine Components\IPT;C:\Program Files (x86)\Intel\Intel(R) Management Engine Components\IPT;C:\Program Files (x86)\Windows Live\Shared;C:\Program Files\nodejs\;C:\Program Files (x86)\Microsoft SQL Server\Client SDK\ODBC\130\Tools\Binn\;C:\Program Files (x86)\Microsoft SQL Server\140\Tools\Binn\;C:\Program Files (x86)\Microsoft SQL Server\140\DTS\Binn\;C:\Program Files (x86)\Microsoft SQL Server\140\Tools\Binn\ManagementStudio\;C:\Users\carl.panotes\Desktop\Adobe Flex 4.6 SDK\flex_sdk_4.6\bin;C:\Windows\system32\config\systemprofile\.dnx\bin;C:\Program Files\Microsoft DNX\Dnvm\;C:\Program Files\Java\jdk1.8.0_131\bin\;C:\Users\carl.panotes\Desktop\eclipse-jee-oxygen-1a-win32-x86_64\eclipse;
USERNAME=carl.panotes
OS=Windows_NT
PROCESSOR_IDENTIFIER=Intel64 Family 6 Model 60 Stepping 3, GenuineIntel



---------------  S Y S T E M  ---------------

OS: Windows 8.1 , 64 bit Build 9600 (6.3.9600.17415)

CPU:total 4 (initial active 4) (4 cores per cpu, 1 threads per core) family 6 model 60 stepping 3, cmov, cx8, fxsr, mmx, sse, sse2, sse3, ssse3, sse4.1, sse4.2, popcnt, avx, avx2, aes, clmul, erms, lzcnt, tsc, tscinvbit, bmi1, bmi2, fma

Memory: 4k page, physical 4100252k(735300k free), swap 16683164k(10372k free)

vm_info: Java HotSpot(TM) 64-Bit Server VM (9+181) for windows-amd64 JRE (9+181), built on Aug  2 2017 21:30:51 by "javare" with MS VC++ 12.0 (VS2013)

END.
