[07 Feb 2018 21:12:22] - loginToDB - Start
[07 Feb 2018 21:12:22] - connectToDB - Start
[07 Feb 2018 21:12:22] - connectToDB - End
[07 Feb 2018 21:12:22] - loginToDB - End
[07 Feb 2018 21:12:22] - displayUser - Start
[07 Feb 2018 21:12:22] - displayUser - End
[07 Feb 2018 21:12:31] - displaySearchResult - Start
[07 Feb 2018 21:12:31] - searchEmployee - Start
[07 Feb 2018 21:12:31] - closeConnection - Start
[07 Feb 2018 21:12:31] - closeConnection - End
[07 Feb 2018 21:12:31] - searchEmployee - End
[07 Feb 2018 21:12:31] - displaySearchResult - End
[07 Feb 2018 21:14:08] - loginToDB - Start
[07 Feb 2018 21:14:08] - connectToDB - Start
[07 Feb 2018 21:14:09] - connectToDB - End
[07 Feb 2018 21:14:09] - loginToDB - End
[07 Feb 2018 21:14:09] - displayUser - Start
[07 Feb 2018 21:14:09] - displayUser - End
[07 Feb 2018 21:14:12] - displaySearchResult - Start
[07 Feb 2018 21:14:12] - searchEmployee - Start
[07 Feb 2018 21:14:12] - closeConnection - Start
[07 Feb 2018 21:14:12] - closeConnection - End
[07 Feb 2018 21:14:12] - searchEmployee - End
[07 Feb 2018 21:14:12] - displaySearchResult - End
[07 Feb 2018 21:14:14] - Search Menu - User input mismatched.
[07 Feb 2018 21:14:14] - displaySearchResult - Start
[07 Feb 2018 21:14:14] - searchEmployee - Start
[07 Feb 2018 21:14:14] - closeConnection - Start
[07 Feb 2018 21:14:14] - closeConnection - End
[07 Feb 2018 21:14:14] - searchEmployee - End
[07 Feb 2018 21:14:14] - displaySearchResult - End
[07 Feb 2018 21:14:19] - displayUser - Start
[07 Feb 2018 21:14:19] - displayUser - End
